03-09-2020 00:28:18: <br>Army Chin created with 1000 coins. 

03-09-2020 00:28:18: Strength Points earned: 30. 

03-09-2020 00:28:18: Actual coins: 970. 

03-09-2020 00:28:18: Unit has trained. 

03-09-2020 00:28:18: Strength Points earned: 17. 

03-09-2020 00:28:18: Actual coins: 950. 

03-09-2020 00:28:18: Unit has trained. 

03-09-2020 00:28:18: Strength Points earned: 24. 

03-09-2020 00:28:18: Actual coins: 930. 

03-09-2020 00:28:18: Unit has trained. 

03-09-2020 00:28:18: Strength Points earned: 31. 

03-09-2020 00:28:18: Actual coins: 910. 

03-09-2020 00:28:18: Unit has trained. 

03-09-2020 00:28:18: Actual coins: 890. 

03-09-2020 00:28:18: Unit has transformed to Knight. 

03-09-2020 00:28:18: Actual coins: 880. 

03-09-2020 00:28:18: Unit has transformed to Archer. 

03-09-2020 00:28:18: <br>Army Byz created with 1000 coins. 

03-09-2020 00:28:18: Strength Points earned: 8. 

03-09-2020 00:28:18: Actual coins: 990. 

03-09-2020 00:28:18: Unit has trained. 

03-09-2020 00:28:18: Strength Points earned: 40. 

03-09-2020 00:28:18: Actual coins: 960. 

03-09-2020 00:28:18: Unit has trained. 

03-09-2020 00:28:18: Strength Points earned: 38. 

03-09-2020 00:28:18: Actual coins: 940. 

03-09-2020 00:28:18: Unit has trained. 

03-09-2020 00:28:18: Strength Points earned: 45. 

03-09-2020 00:28:18: Actual coins: 920. 

03-09-2020 00:28:18: Unit has trained. 

03-09-2020 00:28:18: Strength Points earned: 52. 

03-09-2020 00:28:18: Actual coins: 900. 

03-09-2020 00:28:18: Unit has trained. 

03-09-2020 00:28:18: Strength Points earned: 50. 

03-09-2020 00:28:18: Actual coins: 870. 

03-09-2020 00:28:18: Unit has trained. 

03-09-2020 00:28:18: Strength Points earned: 60. 

03-09-2020 00:28:18: Actual coins: 840. 

03-09-2020 00:28:18: Unit has trained. 

03-09-2020 00:28:18: Strength Points earned: 59. 

03-09-2020 00:28:18: Actual coins: 820. 

03-09-2020 00:28:18: Unit has trained. 

03-09-2020 00:28:18: Actual coins: 810. 

03-09-2020 00:28:18: Unit has transformed to Knight. 

03-09-2020 00:28:18: <br>Chin attacks to Byz. 

03-09-2020 00:28:18: Added coins: 980. 

03-09-2020 00:34:05: <br>Army Chin created with 1000 coins. 

03-09-2020 00:34:05: Strength Points earned: 17. 

03-09-2020 00:34:05: Actual coins: 980. 

03-09-2020 00:34:05: Unit has trained. 

03-09-2020 00:34:05: Strength Points earned: 24. 

03-09-2020 00:34:05: Actual coins: 960. 

03-09-2020 00:34:05: Unit has trained. 

03-09-2020 00:34:05: Strength Points earned: 31. 

03-09-2020 00:34:05: Actual coins: 940. 

03-09-2020 00:34:05: Unit has trained. 

03-09-2020 00:34:05: Strength Points earned: 8. 

03-09-2020 00:34:05: Actual coins: 930. 

03-09-2020 00:34:05: Unit has trained. 

03-09-2020 00:34:05: Actual coins: 920. 

03-09-2020 00:34:05: Unit has transformed to Archer. 

03-09-2020 00:34:05: Actual coins: 900. 

03-09-2020 00:34:05: Unit has transformed to Knight. 

03-09-2020 00:34:05: <br>Army Byz created with 1000 coins. 

03-09-2020 00:34:05: Strength Points earned: 11. 

03-09-2020 00:34:05: Actual coins: 990. 

03-09-2020 00:34:05: Unit has trained. 

03-09-2020 00:34:05: Strength Points earned: 30. 

03-09-2020 00:34:05: Actual coins: 960. 

03-09-2020 00:34:05: Unit has trained. 

03-09-2020 00:34:05: Strength Points earned: 40. 

03-09-2020 00:34:05: Actual coins: 930. 

03-09-2020 00:34:05: Unit has trained. 

03-09-2020 00:34:05: Strength Points earned: 14. 

03-09-2020 00:34:05: Actual coins: 920. 

03-09-2020 00:34:05: Unit has trained. 

03-09-2020 00:34:05: Strength Points earned: 50. 

03-09-2020 00:34:05: Actual coins: 890. 

03-09-2020 00:34:05: Unit has trained. 

03-09-2020 00:34:05: Strength Points earned: 60. 

03-09-2020 00:34:05: Actual coins: 860. 

03-09-2020 00:34:05: Unit has trained. 

03-09-2020 00:34:05: Strength Points earned: 70. 

03-09-2020 00:34:05: Actual coins: 830. 

03-09-2020 00:34:05: Unit has trained. 

03-09-2020 00:34:05: Strength Points earned: 80. 

03-09-2020 00:34:05: Actual coins: 800. 

03-09-2020 00:34:05: Unit has trained. 

03-09-2020 00:34:05: Actual coins: 790. 

03-09-2020 00:34:05: Unit has transformed to Knight. 

03-09-2020 00:34:05: <br>Chin attacks to Byz. 

03-09-2020 00:34:05: Added coins: 890. 

03-09-2020 00:35:00: <br>Army Chin created with 1000 coins. 

03-09-2020 00:35:00: Strength Points earned: 17. 

03-09-2020 00:35:00: Actual coins: 980. 

03-09-2020 00:35:00: Unit has trained. 

03-09-2020 00:35:00: Strength Points earned: 30. 

03-09-2020 00:35:00: Actual coins: 950. 

03-09-2020 00:35:00: Unit has trained. 

03-09-2020 00:35:00: Strength Points earned: 24. 

03-09-2020 00:35:00: Actual coins: 930. 

03-09-2020 00:35:00: Unit has trained. 

03-09-2020 00:35:00: Strength Points earned: 31. 

03-09-2020 00:35:00: Actual coins: 910. 

03-09-2020 00:35:00: Unit has trained. 

03-09-2020 00:35:00: Actual coins: 890. 

03-09-2020 00:35:00: Unit has transformed to Knight. 

03-09-2020 00:35:00: <br>Army Byz created with 1000 coins. 

03-09-2020 00:35:00: Strength Points earned: 40. 

03-09-2020 00:35:00: Actual coins: 970. 

03-09-2020 00:35:00: Unit has trained. 

03-09-2020 00:35:00: Strength Points earned: 50. 

03-09-2020 00:35:00: Actual coins: 940. 

03-09-2020 00:35:00: Unit has trained. 

03-09-2020 00:35:00: Strength Points earned: 38. 

03-09-2020 00:35:00: Actual coins: 920. 

03-09-2020 00:35:00: Unit has trained. 

03-09-2020 00:35:00: Strength Points earned: 8. 

03-09-2020 00:35:00: Actual coins: 910. 

03-09-2020 00:35:00: Unit has trained. 

03-09-2020 00:35:00: Strength Points earned: 60. 

03-09-2020 00:35:00: Actual coins: 880. 

03-09-2020 00:35:00: Unit has trained. 

03-09-2020 00:35:00: Strength Points earned: 70. 

03-09-2020 00:35:00: Actual coins: 850. 

03-09-2020 00:35:00: Unit has trained. 

03-09-2020 00:35:00: Strength Points earned: 80. 

03-09-2020 00:35:00: Actual coins: 820. 

03-09-2020 00:35:00: Unit has trained. 

03-09-2020 00:35:00: Strength Points earned: 90. 

03-09-2020 00:35:00: Actual coins: 790. 

03-09-2020 00:35:00: Unit has trained. 

03-09-2020 00:35:00: <br>Chin attacks to Byz. 

03-09-2020 00:35:00: Added coins: 890. 

03-09-2020 00:35:01: <br>Army Chin created with 1000 coins. 

03-09-2020 00:35:01: Strength Points earned: 17. 

03-09-2020 00:35:01: Actual coins: 980. 

03-09-2020 00:35:01: Unit has trained. 

03-09-2020 00:35:01: Strength Points earned: 24. 

03-09-2020 00:35:01: Actual coins: 960. 

03-09-2020 00:35:01: Unit has trained. 

03-09-2020 00:35:01: Strength Points earned: 31. 

03-09-2020 00:35:01: Actual coins: 940. 

03-09-2020 00:35:01: Unit has trained. 

03-09-2020 00:35:01: Strength Points earned: 8. 

03-09-2020 00:35:01: Actual coins: 930. 

03-09-2020 00:35:01: Unit has trained. 

03-09-2020 00:35:01: Actual coins: 910. 

03-09-2020 00:35:01: Unit has transformed to Knight. 

03-09-2020 00:35:01: <br>Army Byz created with 1000 coins. 

03-09-2020 00:35:01: Strength Points earned: 30. 

03-09-2020 00:35:01: Actual coins: 970. 

03-09-2020 00:35:01: Unit has trained. 

03-09-2020 00:35:01: Strength Points earned: 38. 

03-09-2020 00:35:01: Actual coins: 950. 

03-09-2020 00:35:01: Unit has trained. 

03-09-2020 00:35:01: Strength Points earned: 11. 

03-09-2020 00:35:01: Actual coins: 940. 

03-09-2020 00:35:01: Unit has trained. 

03-09-2020 00:35:01: Strength Points earned: 45. 

03-09-2020 00:35:01: Actual coins: 920. 

03-09-2020 00:35:01: Unit has trained. 

03-09-2020 00:35:01: Strength Points earned: 40. 

03-09-2020 00:35:01: Actual coins: 890. 

03-09-2020 00:35:01: Unit has trained. 

03-09-2020 00:35:01: Strength Points earned: 52. 

03-09-2020 00:35:01: Actual coins: 870. 

03-09-2020 00:35:01: Unit has trained. 

03-09-2020 00:35:01: Strength Points earned: 50. 

03-09-2020 00:35:01: Actual coins: 840. 

03-09-2020 00:35:01: Unit has trained. 

03-09-2020 00:35:01: Strength Points earned: 59. 

03-09-2020 00:35:01: Actual coins: 820. 

03-09-2020 00:35:01: Unit has trained. 

03-09-2020 00:35:01: Actual coins: 810. 

03-09-2020 00:35:01: Unit has transformed to Archer. 

03-09-2020 00:35:01: Actual coins: 800. 

03-09-2020 00:35:01: Unit has transformed to Knight. 

03-09-2020 00:35:01: <br>Chin attacks to Byz. 

03-09-2020 00:35:01: Added coins: 1010. 

03-09-2020 00:35:03: <br>Army Chin created with 1000 coins. 

03-09-2020 00:35:03: Strength Points earned: 8. 

03-09-2020 00:35:03: Actual coins: 990. 

03-09-2020 00:35:03: Unit has trained. 

03-09-2020 00:35:03: Strength Points earned: 17. 

03-09-2020 00:35:03: Actual coins: 970. 

03-09-2020 00:35:03: Unit has trained. 

03-09-2020 00:35:03: Strength Points earned: 24. 

03-09-2020 00:35:03: Actual coins: 950. 

03-09-2020 00:35:03: Unit has trained. 

03-09-2020 00:35:03: Strength Points earned: 31. 

03-09-2020 00:35:03: Actual coins: 930. 

03-09-2020 00:35:03: Unit has trained. 

03-09-2020 00:35:03: Actual coins: 910. 

03-09-2020 00:35:03: Unit has transformed to Knight. 

03-09-2020 00:35:03: <br>Army Byz created with 1000 coins. 

03-09-2020 00:35:03: Strength Points earned: 30. 

03-09-2020 00:35:03: Actual coins: 970. 

03-09-2020 00:35:03: Unit has trained. 

03-09-2020 00:35:03: Strength Points earned: 38. 

03-09-2020 00:35:03: Actual coins: 950. 

03-09-2020 00:35:03: Unit has trained. 

03-09-2020 00:35:03: Strength Points earned: 40. 

03-09-2020 00:35:03: Actual coins: 920. 

03-09-2020 00:35:03: Unit has trained. 

03-09-2020 00:35:03: Strength Points earned: 50. 

03-09-2020 00:35:03: Actual coins: 890. 

03-09-2020 00:35:03: Unit has trained. 

03-09-2020 00:35:03: Strength Points earned: 45. 

03-09-2020 00:35:03: Actual coins: 870. 

03-09-2020 00:35:03: Unit has trained. 

03-09-2020 00:35:03: Strength Points earned: 11. 

03-09-2020 00:35:03: Actual coins: 860. 

03-09-2020 00:35:03: Unit has trained. 

03-09-2020 00:35:03: Strength Points earned: 52. 

03-09-2020 00:35:03: Actual coins: 840. 

03-09-2020 00:35:03: Unit has trained. 

03-09-2020 00:35:03: Strength Points earned: 60. 

03-09-2020 00:35:03: Actual coins: 810. 

03-09-2020 00:35:03: Unit has trained. 

03-09-2020 00:35:03: Actual coins: 800. 

03-09-2020 00:35:03: Unit has transformed to Archer. 

03-09-2020 00:35:03: <br>Chin attacks to Byz. 

03-09-2020 00:35:03: Added coins: 1010. 

03-09-2020 00:35:04: <br>Army Chin created with 1000 coins. 

03-09-2020 00:35:04: Strength Points earned: 17. 

03-09-2020 00:35:04: Actual coins: 980. 

03-09-2020 00:35:04: Unit has trained. 

03-09-2020 00:35:04: Strength Points earned: 24. 

03-09-2020 00:35:04: Actual coins: 960. 

03-09-2020 00:35:04: Unit has trained. 

03-09-2020 00:35:04: Strength Points earned: 31. 

03-09-2020 00:35:04: Actual coins: 940. 

03-09-2020 00:35:04: Unit has trained. 

03-09-2020 00:35:04: Strength Points earned: 38. 

03-09-2020 00:35:04: Actual coins: 920. 

03-09-2020 00:35:04: Unit has trained. 

03-09-2020 00:35:04: Actual coins: 900. 

03-09-2020 00:35:04: Unit has transformed to Knight. 

03-09-2020 00:35:04: <br>Army Byz created with 1000 coins. 

03-09-2020 00:35:04: Strength Points earned: 30. 

03-09-2020 00:35:04: Actual coins: 970. 

03-09-2020 00:35:04: Unit has trained. 

03-09-2020 00:35:04: Strength Points earned: 40. 

03-09-2020 00:35:04: Actual coins: 940. 

03-09-2020 00:35:04: Unit has trained. 

03-09-2020 00:35:04: Strength Points earned: 50. 

03-09-2020 00:35:04: Actual coins: 910. 

03-09-2020 00:35:04: Unit has trained. 

03-09-2020 00:35:04: Strength Points earned: 45. 

03-09-2020 00:35:04: Actual coins: 890. 

03-09-2020 00:35:04: Unit has trained. 

03-09-2020 00:35:04: Strength Points earned: 60. 

03-09-2020 00:35:04: Actual coins: 860. 

03-09-2020 00:35:04: Unit has trained. 

03-09-2020 00:35:04: Strength Points earned: 70. 

03-09-2020 00:35:04: Actual coins: 830. 

03-09-2020 00:35:04: Unit has trained. 

03-09-2020 00:35:04: Strength Points earned: 52. 

03-09-2020 00:35:04: Actual coins: 810. 

03-09-2020 00:35:04: Unit has trained. 

03-09-2020 00:35:04: Strength Points earned: 80. 

03-09-2020 00:35:04: Actual coins: 780. 

03-09-2020 00:35:04: Unit has trained. 

03-09-2020 00:35:04: <br>Chin attacks to Byz. 

03-09-2020 00:35:04: Added coins: 880. 

03-09-2020 00:35:05: <br>Army Chin created with 1000 coins. 

03-09-2020 00:35:05: Strength Points earned: 17. 

03-09-2020 00:35:05: Actual coins: 980. 

03-09-2020 00:35:05: Unit has trained. 

03-09-2020 00:35:05: Strength Points earned: 24. 

03-09-2020 00:35:05: Actual coins: 960. 

03-09-2020 00:35:05: Unit has trained. 

03-09-2020 00:35:05: Strength Points earned: 31. 

03-09-2020 00:35:05: Actual coins: 940. 

03-09-2020 00:35:05: Unit has trained. 

03-09-2020 00:35:05: Strength Points earned: 38. 

03-09-2020 00:35:05: Actual coins: 920. 

03-09-2020 00:35:05: Unit has trained. 

03-09-2020 00:35:05: Actual coins: 900. 

03-09-2020 00:35:05: Unit has transformed to Knight. 

03-09-2020 00:35:05: <br>Army Byz created with 1000 coins. 

03-09-2020 00:35:05: Strength Points earned: 30. 

03-09-2020 00:35:05: Actual coins: 970. 

03-09-2020 00:35:05: Unit has trained. 

03-09-2020 00:35:05: Strength Points earned: 40. 

03-09-2020 00:35:05: Actual coins: 940. 

03-09-2020 00:35:05: Unit has trained. 

03-09-2020 00:35:05: Strength Points earned: 45. 

03-09-2020 00:35:05: Actual coins: 920. 

03-09-2020 00:35:05: Unit has trained. 

03-09-2020 00:35:05: Strength Points earned: 50. 

03-09-2020 00:35:05: Actual coins: 890. 

03-09-2020 00:35:05: Unit has trained. 

03-09-2020 00:35:05: Strength Points earned: 52. 

03-09-2020 00:35:05: Actual coins: 870. 

03-09-2020 00:35:05: Unit has trained. 

03-09-2020 00:35:05: Strength Points earned: 60. 

03-09-2020 00:35:05: Actual coins: 840. 

03-09-2020 00:35:05: Unit has trained. 

03-09-2020 00:35:05: Strength Points earned: 70. 

03-09-2020 00:35:05: Actual coins: 810. 

03-09-2020 00:35:05: Unit has trained. 

03-09-2020 00:35:05: Strength Points earned: 80. 

03-09-2020 00:35:05: Actual coins: 780. 

03-09-2020 00:35:05: Unit has trained. 

03-09-2020 00:35:05: Actual coins: 770. 

03-09-2020 00:35:05: Unit has transformed to Archer. 

03-09-2020 00:35:05: <br>Chin attacks to Byz. 

03-09-2020 00:35:05: Added coins: 870. 

03-09-2020 00:35:05: <br>Army Chin created with 1000 coins. 

03-09-2020 00:35:05: Strength Points earned: 30. 

03-09-2020 00:35:05: Actual coins: 970. 

03-09-2020 00:35:05: Unit has trained. 

03-09-2020 00:35:05: Strength Points earned: 40. 

03-09-2020 00:35:05: Actual coins: 940. 

03-09-2020 00:35:05: Unit has trained. 

03-09-2020 00:35:05: Strength Points earned: 17. 

03-09-2020 00:35:05: Actual coins: 920. 

03-09-2020 00:35:05: Unit has trained. 

03-09-2020 00:35:05: Strength Points earned: 24. 

03-09-2020 00:35:05: Actual coins: 900. 

03-09-2020 00:35:05: Unit has trained. 

03-09-2020 00:35:05: Actual coins: 880. 

03-09-2020 00:35:05: Unit has transformed to Knight. 

03-09-2020 00:35:05: <br>Army Byz created with 1000 coins. 

03-09-2020 00:35:05: Strength Points earned: 31. 

03-09-2020 00:35:05: Actual coins: 980. 

03-09-2020 00:35:05: Unit has trained. 

03-09-2020 00:35:05: Strength Points earned: 50. 

03-09-2020 00:35:05: Actual coins: 950. 

03-09-2020 00:35:05: Unit has trained. 

03-09-2020 00:35:05: Strength Points earned: 38. 

03-09-2020 00:35:05: Actual coins: 930. 

03-09-2020 00:35:05: Unit has trained. 

03-09-2020 00:35:05: Strength Points earned: 45. 

03-09-2020 00:35:05: Actual coins: 910. 

03-09-2020 00:35:05: Unit has trained. 

03-09-2020 00:35:05: Strength Points earned: 60. 

03-09-2020 00:35:05: Actual coins: 880. 

03-09-2020 00:35:05: Unit has trained. 

03-09-2020 00:35:05: Strength Points earned: 52. 

03-09-2020 00:35:05: Actual coins: 860. 

03-09-2020 00:35:05: Unit has trained. 

03-09-2020 00:35:05: Strength Points earned: 70. 

03-09-2020 00:35:05: Actual coins: 830. 

03-09-2020 00:35:05: Unit has trained. 

03-09-2020 00:35:05: Strength Points earned: 8. 

03-09-2020 00:35:05: Actual coins: 820. 

03-09-2020 00:35:05: Unit has trained. 

03-09-2020 00:35:05: <br>Chin attacks to Byz. 

03-09-2020 00:35:05: Added coins: 920. 

03-09-2020 00:35:05: <br>Army Chin created with 1000 coins. 

03-09-2020 00:35:05: Strength Points earned: 17. 

03-09-2020 00:35:05: Actual coins: 980. 

03-09-2020 00:35:05: Unit has trained. 

03-09-2020 00:35:05: Strength Points earned: 24. 

03-09-2020 00:35:05: Actual coins: 960. 

03-09-2020 00:35:05: Unit has trained. 

03-09-2020 00:35:05: Strength Points earned: 31. 

03-09-2020 00:35:05: Actual coins: 940. 

03-09-2020 00:35:05: Unit has trained. 

03-09-2020 00:35:05: Strength Points earned: 38. 

03-09-2020 00:35:05: Actual coins: 920. 

03-09-2020 00:35:05: Unit has trained. 

03-09-2020 00:35:05: Actual coins: 900. 

03-09-2020 00:35:05: Unit has transformed to Knight. 

03-09-2020 00:35:05: <br>Army Byz created with 1000 coins. 

03-09-2020 00:35:05: Strength Points earned: 30. 

03-09-2020 00:35:05: Actual coins: 970. 

03-09-2020 00:35:05: Unit has trained. 

03-09-2020 00:35:05: Strength Points earned: 40. 

03-09-2020 00:35:05: Actual coins: 940. 

03-09-2020 00:35:05: Unit has trained. 

03-09-2020 00:35:05: Strength Points earned: 45. 

03-09-2020 00:35:05: Actual coins: 920. 

03-09-2020 00:35:05: Unit has trained. 

03-09-2020 00:35:05: Strength Points earned: 50. 

03-09-2020 00:35:05: Actual coins: 890. 

03-09-2020 00:35:05: Unit has trained. 

03-09-2020 00:35:05: Strength Points earned: 60. 

03-09-2020 00:35:05: Actual coins: 860. 

03-09-2020 00:35:05: Unit has trained. 

03-09-2020 00:35:05: Strength Points earned: 8. 

03-09-2020 00:35:05: Actual coins: 850. 

03-09-2020 00:35:05: Unit has trained. 

03-09-2020 00:35:05: Strength Points earned: 52. 

03-09-2020 00:35:05: Actual coins: 830. 

03-09-2020 00:35:05: Unit has trained. 

03-09-2020 00:35:05: Strength Points earned: 70. 

03-09-2020 00:35:05: Actual coins: 800. 

03-09-2020 00:35:05: Unit has trained. 

03-09-2020 00:35:05: Actual coins: 790. 

03-09-2020 00:35:05: Unit has transformed to Archer. 

03-09-2020 00:35:05: Actual coins: 780. 

03-09-2020 00:35:05: Unit has transformed to Knight. 

03-09-2020 00:35:05: <br>Chin attacks to Byz. 

03-09-2020 00:35:05: Added coins: 880. 

03-09-2020 00:35:05: <br>Army Chin created with 1000 coins. 

03-09-2020 00:35:05: Strength Points earned: 17. 

03-09-2020 00:35:05: Actual coins: 980. 

03-09-2020 00:35:05: Unit has trained. 

03-09-2020 00:35:05: Strength Points earned: 24. 

03-09-2020 00:35:05: Actual coins: 960. 

03-09-2020 00:35:05: Unit has trained. 

03-09-2020 00:35:05: Strength Points earned: 8. 

03-09-2020 00:35:05: Actual coins: 950. 

03-09-2020 00:35:05: Unit has trained. 

03-09-2020 00:35:05: Strength Points earned: 31. 

03-09-2020 00:35:05: Actual coins: 930. 

03-09-2020 00:35:05: Unit has trained. 

03-09-2020 00:35:05: Actual coins: 910. 

03-09-2020 00:35:05: Unit has transformed to Knight. 

03-09-2020 00:35:05: <br>Army Byz created with 1000 coins. 

03-09-2020 00:35:05: Strength Points earned: 30. 

03-09-2020 00:35:05: Actual coins: 970. 

03-09-2020 00:35:05: Unit has trained. 

03-09-2020 00:35:05: Strength Points earned: 40. 

03-09-2020 00:35:05: Actual coins: 940. 

03-09-2020 00:35:05: Unit has trained. 

03-09-2020 00:35:05: Strength Points earned: 50. 

03-09-2020 00:35:05: Actual coins: 910. 

03-09-2020 00:35:05: Unit has trained. 

03-09-2020 00:35:05: Strength Points earned: 60. 

03-09-2020 00:35:05: Actual coins: 880. 

03-09-2020 00:35:05: Unit has trained. 

03-09-2020 00:35:05: Strength Points earned: 38. 

03-09-2020 00:35:05: Actual coins: 860. 

03-09-2020 00:35:05: Unit has trained. 

03-09-2020 00:35:05: Strength Points earned: 11. 

03-09-2020 00:35:05: Actual coins: 850. 

03-09-2020 00:35:05: Unit has trained. 

03-09-2020 00:35:05: Strength Points earned: 14. 

03-09-2020 00:35:05: Actual coins: 840. 

03-09-2020 00:35:05: Unit has trained. 

03-09-2020 00:35:05: Strength Points earned: 45. 

03-09-2020 00:35:05: Actual coins: 820. 

03-09-2020 00:35:05: Unit has trained. 

03-09-2020 00:35:05: Actual coins: 810. 

03-09-2020 00:35:05: Unit has transformed to Archer. 

03-09-2020 00:35:05: Actual coins: 800. 

03-09-2020 00:35:05: Unit has transformed to Knight. 

03-09-2020 00:35:05: <br>Chin attacks to Byz. 

03-09-2020 00:35:05: Added coins: 900. 

03-09-2020 00:35:06: <br>Army Chin created with 1000 coins. 

03-09-2020 00:35:06: Strength Points earned: 17. 

03-09-2020 00:35:06: Actual coins: 980. 

03-09-2020 00:35:06: Unit has trained. 

03-09-2020 00:35:06: Strength Points earned: 24. 

03-09-2020 00:35:06: Actual coins: 960. 

03-09-2020 00:35:06: Unit has trained. 

03-09-2020 00:35:06: Strength Points earned: 31. 

03-09-2020 00:35:06: Actual coins: 940. 

03-09-2020 00:35:06: Unit has trained. 

03-09-2020 00:35:06: Strength Points earned: 38. 

03-09-2020 00:35:06: Actual coins: 920. 

03-09-2020 00:35:06: Unit has trained. 

03-09-2020 00:35:06: Actual coins: 900. 

03-09-2020 00:35:06: Unit has transformed to Knight. 

03-09-2020 00:35:06: <br>Army Byz created with 1000 coins. 

03-09-2020 00:35:06: Strength Points earned: 30. 

03-09-2020 00:35:06: Actual coins: 970. 

03-09-2020 00:35:06: Unit has trained. 

03-09-2020 00:35:06: Strength Points earned: 40. 

03-09-2020 00:35:06: Actual coins: 940. 

03-09-2020 00:35:06: Unit has trained. 

03-09-2020 00:35:06: Strength Points earned: 45. 

03-09-2020 00:35:06: Actual coins: 920. 

03-09-2020 00:35:06: Unit has trained. 

03-09-2020 00:35:06: Strength Points earned: 50. 

03-09-2020 00:35:06: Actual coins: 890. 

03-09-2020 00:35:06: Unit has trained. 

03-09-2020 00:35:06: Strength Points earned: 52. 

03-09-2020 00:35:06: Actual coins: 870. 

03-09-2020 00:35:06: Unit has trained. 

03-09-2020 00:35:06: Strength Points earned: 8. 

03-09-2020 00:35:06: Actual coins: 860. 

03-09-2020 00:35:06: Unit has trained. 

03-09-2020 00:35:06: Strength Points earned: 60. 

03-09-2020 00:35:06: Actual coins: 830. 

03-09-2020 00:35:06: Unit has trained. 

03-09-2020 00:35:06: Strength Points earned: 70. 

03-09-2020 00:35:06: Actual coins: 800. 

03-09-2020 00:35:06: Unit has trained. 

03-09-2020 00:35:06: Actual coins: 790. 

03-09-2020 00:35:06: Unit has transformed to Archer. 

03-09-2020 00:35:06: <br>Chin attacks to Byz. 

03-09-2020 00:35:06: Added coins: 890. 

03-09-2020 00:35:06: <br>Army Chin created with 1000 coins. 

03-09-2020 00:35:06: Strength Points earned: 17. 

03-09-2020 00:35:06: Actual coins: 980. 

03-09-2020 00:35:06: Unit has trained. 

03-09-2020 00:35:06: Strength Points earned: 8. 

03-09-2020 00:35:06: Actual coins: 970. 

03-09-2020 00:35:06: Unit has trained. 

03-09-2020 00:35:06: Strength Points earned: 24. 

03-09-2020 00:35:06: Actual coins: 950. 

03-09-2020 00:35:06: Unit has trained. 

03-09-2020 00:35:06: Strength Points earned: 31. 

03-09-2020 00:35:06: Actual coins: 930. 

03-09-2020 00:35:06: Unit has trained. 

03-09-2020 00:35:06: Actual coins: 910. 

03-09-2020 00:35:06: Unit has transformed to Knight. 

03-09-2020 00:35:06: <br>Army Byz created with 1000 coins. 

03-09-2020 00:35:06: Strength Points earned: 11. 

03-09-2020 00:35:06: Actual coins: 990. 

03-09-2020 00:35:06: Unit has trained. 

03-09-2020 00:35:06: Strength Points earned: 14. 

03-09-2020 00:35:06: Actual coins: 980. 

03-09-2020 00:35:06: Unit has trained. 

03-09-2020 00:35:06: Strength Points earned: 30. 

03-09-2020 00:35:06: Actual coins: 950. 

03-09-2020 00:35:06: Unit has trained. 

03-09-2020 00:35:06: Strength Points earned: 40. 

03-09-2020 00:35:06: Actual coins: 920. 

03-09-2020 00:35:06: Unit has trained. 

03-09-2020 00:35:06: Strength Points earned: 50. 

03-09-2020 00:35:06: Actual coins: 890. 

03-09-2020 00:35:06: Unit has trained. 

03-09-2020 00:35:06: Strength Points earned: 60. 

03-09-2020 00:35:06: Actual coins: 860. 

03-09-2020 00:35:06: Unit has trained. 

03-09-2020 00:35:06: Strength Points earned: 70. 

03-09-2020 00:35:06: Actual coins: 830. 

03-09-2020 00:35:06: Unit has trained. 

03-09-2020 00:35:06: Strength Points earned: 80. 

03-09-2020 00:35:06: Actual coins: 800. 

03-09-2020 00:35:06: Unit has trained. 

03-09-2020 00:35:06: Actual coins: 790. 

03-09-2020 00:35:06: Unit has transformed to Archer. 

03-09-2020 00:35:06: <br>Chin attacks to Byz. 

03-09-2020 00:35:06: Added coins: 890. 

03-09-2020 00:35:06: <br>Army Chin created with 1000 coins. 

03-09-2020 00:35:06: Strength Points earned: 17. 

03-09-2020 00:35:06: Actual coins: 980. 

03-09-2020 00:35:06: Unit has trained. 

03-09-2020 00:35:06: Strength Points earned: 24. 

03-09-2020 00:35:06: Actual coins: 960. 

03-09-2020 00:35:06: Unit has trained. 

03-09-2020 00:35:06: Strength Points earned: 31. 

03-09-2020 00:35:06: Actual coins: 940. 

03-09-2020 00:35:06: Unit has trained. 

03-09-2020 00:35:06: Strength Points earned: 38. 

03-09-2020 00:35:06: Actual coins: 920. 

03-09-2020 00:35:06: Unit has trained. 

03-09-2020 00:35:06: Actual coins: 900. 

03-09-2020 00:35:06: Unit has transformed to Knight. 

03-09-2020 00:35:06: Actual coins: 890. 

03-09-2020 00:35:06: Unit has transformed to Archer. 

03-09-2020 00:35:06: <br>Army Byz created with 1000 coins. 

03-09-2020 00:35:06: Strength Points earned: 30. 

03-09-2020 00:35:06: Actual coins: 970. 

03-09-2020 00:35:06: Unit has trained. 

03-09-2020 00:35:06: Strength Points earned: 40. 

03-09-2020 00:35:06: Actual coins: 940. 

03-09-2020 00:35:06: Unit has trained. 

03-09-2020 00:35:06: Strength Points earned: 45. 

03-09-2020 00:35:06: Actual coins: 920. 

03-09-2020 00:35:06: Unit has trained. 

03-09-2020 00:35:06: Strength Points earned: 50. 

03-09-2020 00:35:06: Actual coins: 890. 

03-09-2020 00:35:06: Unit has trained. 

03-09-2020 00:35:06: Strength Points earned: 52. 

03-09-2020 00:35:06: Actual coins: 870. 

03-09-2020 00:35:06: Unit has trained. 

03-09-2020 00:35:06: Strength Points earned: 59. 

03-09-2020 00:35:06: Actual coins: 850. 

03-09-2020 00:35:06: Unit has trained. 

03-09-2020 00:35:06: Strength Points earned: 60. 

03-09-2020 00:35:06: Actual coins: 820. 

03-09-2020 00:35:06: Unit has trained. 

03-09-2020 00:35:06: Strength Points earned: 8. 

03-09-2020 00:35:06: Actual coins: 810. 

03-09-2020 00:35:06: Unit has trained. 

03-09-2020 00:35:06: Actual coins: 800. 

03-09-2020 00:35:06: Unit has transformed to Knight. 

03-09-2020 00:35:06: <br>Chin attacks to Byz. 

03-09-2020 00:35:06: Added coins: 990. 

03-09-2020 00:35:07: <br>Army Chin created with 1000 coins. 

03-09-2020 00:35:07: Strength Points earned: 30. 

03-09-2020 00:35:07: Actual coins: 970. 

03-09-2020 00:35:07: Unit has trained. 

03-09-2020 00:35:07: Strength Points earned: 8. 

03-09-2020 00:35:07: Actual coins: 960. 

03-09-2020 00:35:07: Unit has trained. 

03-09-2020 00:35:07: Strength Points earned: 17. 

03-09-2020 00:35:07: Actual coins: 940. 

03-09-2020 00:35:07: Unit has trained. 

03-09-2020 00:35:07: Strength Points earned: 40. 

03-09-2020 00:35:07: Actual coins: 910. 

03-09-2020 00:35:07: Unit has trained. 

03-09-2020 00:35:07: Actual coins: 890. 

03-09-2020 00:35:07: Unit has transformed to Knight. 

03-09-2020 00:35:07: <br>Army Byz created with 1000 coins. 

03-09-2020 00:35:07: Strength Points earned: 11. 

03-09-2020 00:35:07: Actual coins: 990. 

03-09-2020 00:35:07: Unit has trained. 

03-09-2020 00:35:07: Strength Points earned: 50. 

03-09-2020 00:35:07: Actual coins: 960. 

03-09-2020 00:35:07: Unit has trained. 

03-09-2020 00:35:07: Strength Points earned: 60. 

03-09-2020 00:35:07: Actual coins: 930. 

03-09-2020 00:35:07: Unit has trained. 

03-09-2020 00:35:07: Strength Points earned: 70. 

03-09-2020 00:35:07: Actual coins: 900. 

03-09-2020 00:35:07: Unit has trained. 

03-09-2020 00:35:07: Strength Points earned: 24. 

03-09-2020 00:35:07: Actual coins: 880. 

03-09-2020 00:35:07: Unit has trained. 

03-09-2020 00:35:07: Strength Points earned: 80. 

03-09-2020 00:35:07: Actual coins: 850. 

03-09-2020 00:35:07: Unit has trained. 

03-09-2020 00:35:07: Strength Points earned: 90. 

03-09-2020 00:35:07: Actual coins: 820. 

03-09-2020 00:35:07: Unit has trained. 

03-09-2020 00:35:07: Strength Points earned: 31. 

03-09-2020 00:35:07: Actual coins: 800. 

03-09-2020 00:35:07: Unit has trained. 

03-09-2020 00:35:07: Actual coins: 790. 

03-09-2020 00:35:07: Unit has transformed to Archer. 

03-09-2020 00:35:07: <br>Chin attacks to Byz. 

03-09-2020 00:35:07: Added coins: 890. 

